[20:55:54] start 
[20:55:54] 0 
[20:55:54] 2 
[20:55:54] 3 
[20:55:54] is 2 
[20:55:54] is 2 
[20:55:54] 6 
[20:55:54] 7 
[20:57:15] start 
[20:57:15] 0 
[20:57:15] 2 
[20:57:19] 3 
[20:57:19] is 2 
[20:57:19] is 2 
[20:57:19] 6 
[20:57:19] 7 
[20:57:19] 8 
[20:57:19] 10 
[21:00:05] start 
[21:00:06] 0 
[21:00:06] 2 
[21:00:06] 3 
[21:00:06] is 1 
[21:00:06] is 1 
[21:00:06] 6 
[21:00:06] 7 
[21:06:54] start 
[21:06:54] 0 
[21:06:54] 2 
[21:06:54] 3 
[21:06:54] is 1 
[21:06:54] is 1 
[21:06:54] 6 
[21:06:54] 7 
[21:06:54] -73 
[21:06:54] -98 
[21:06:54] -73.0 -98.0 
[21:06:55] 100.0:1 Zombies. 
[21:06:55] 0 
[21:06:55] 2 
[21:06:56] 3 
[21:06:56] is 2 
[21:06:56] is 2 
[21:06:56] 6 
[21:06:56] 7 
[21:06:56] 1676.39013671875 
[21:06:56] 6374.02001953125 
[21:06:56] 1676.3901367188 6374.0200195313 
[21:06:56] 100.0:1 Zombies. 
[21:06:56] 0 
[21:06:56] 2 
[21:06:56] 3 
[21:06:56] is 2 
[21:06:56] is 2 
[21:06:56] 6 
[21:06:56] 7 
[21:06:56] 1837.39013671875 
[21:06:56] 6567.02001953125 
[21:06:56] 1837.3901367188 6567.0200195313 
[21:06:56] 100.0:2 Zombies. 
[21:06:56] 0 
[21:06:56] 2 
[21:06:59] 3 
[21:06:59] is 2 
[21:06:59] is 2 
[21:06:59] 6 
[21:06:59] 7 
[21:06:59] 1877.39013671875 
[21:06:59] 6415.02001953125 
[21:06:59] 1877.3901367188 6415.0200195313 
[21:06:59] 100.0:3 Zombies. 
[21:06:59] 0 
[21:06:59] 2 
[21:06:59] 3 
[21:06:59] is 1 
[21:06:59] is 1 
[21:06:59] 6 
[21:06:59] 7 
[21:06:59] -1777.39013671875 
[21:06:59] -6475.02001953125 
[21:06:59] -1777.3901367188 -6475.0200195313 
[21:06:59] 100.0:4 Zombies. 
[21:06:59] 0 
[21:06:59] 2 
[21:06:59] 3 
[21:06:59] is 1 
[21:06:59] is 2 
[21:06:59] 6 
[21:06:59] 7 
[21:06:59] -1828.39013671875 
[21:06:59] 6794.02001953125 
[21:06:59] -1828.3901367188 6794.0200195313 
[21:06:59] 100.0:4 Zombies. 
[21:06:59] 0 
[21:06:59] 2 
[21:06:59] 3 
[21:06:59] is 1 
[21:06:59] is 2 
[21:06:59] 6 
[21:06:59] 7 
[21:06:59] -1682.39013671875 
[21:06:59] 6522.02001953125 
[21:06:59] -1682.3901367188 6522.0200195313 
[21:06:59] 100.0:4 Zombies. 
[21:06:59] 0 
[21:06:59] 2 
[21:07:00] 3 
[21:07:00] is 1 
[21:07:00] is 2 
[21:07:00] 6 
[21:07:00] 7 
[21:07:00] -1763.39013671875 
[21:07:00] 6223.02001953125 
[21:07:00] -1763.3901367188 6223.0200195313 
[21:07:00] 100.0:4 Zombies. 
[21:07:00] 0 
[21:07:00] 2 
[21:07:00] 3 
[21:07:00] is 2 
[21:07:00] is 1 
[21:07:00] 6 
[21:07:00] 7 
[21:07:00] 1750.39013671875 
[21:07:00] -6262.02001953125 
[21:07:00] 1750.3901367188 -6262.0200195313 
[21:07:00] 100.0:4 Zombies. 
[21:07:00] 0 
[21:07:00] 2 
[21:07:00] 3 
[21:07:00] is 2 
[21:07:00] is 1 
[21:07:00] 6 
[21:07:00] 7 
[21:07:00] 1681.39013671875 
[21:07:00] 6372.02001953125 
[21:07:00] 1681.3901367188 6372.0200195313 
[21:07:00] 100.0:4 Zombies. 
[21:07:00] 0 
[21:07:00] 2 
[21:07:00] 3 
[21:07:00] is 1 
[21:07:00] is 1 
[21:07:00] 6 
[21:07:00] 7 
[21:07:00] -1817.39013671875 
[21:07:00] -6369.02001953125 
[21:07:00] -1817.3901367188 -6369.0200195313 
[21:07:00] 100.0:5 Zombies. 
[21:07:00] 0 
[21:10:03] start 
[21:10:04] -287.0 -289.0 
[21:10:04] 100.0:1 Zombies. 
[21:10:04] -124.0 -141.0 
[21:10:04] 100.0:2 Zombies. 
[21:10:05] 3168.2001953125 -2259.2001953125 
[21:10:05] 100.0:3 Zombies. 
[21:10:05] 3295.2001953125 -2064.2001953125 
[21:10:05] 100.0:2 Zombies. 
[21:10:06] -3314.2001953125 1884.2001953125 
[21:10:06] 100.0:2 Zombies. 
[21:10:08] 3356.2001953125 2413.2001953125 
[21:10:08] 100.0:2 Zombies. 
[21:10:09] -3164.2001953125 -2203.2001953125 
[21:10:09] 100.0:2 Zombies. 
[21:10:09] -3360.2001953125 2021.2001953125 
[21:10:09] 100.0:2 Zombies. 
[21:10:09] 3246.2001953125 2033.2001953125 
[21:10:09] 100.0:2 Zombies. 
[21:10:09] -3246.2001953125 -2176.2001953125 
[21:10:09] 100.0:3 Zombies. 
[21:10:09] 3173.2001953125 2301.2001953125 
[21:10:10] 100.0:3 Zombies. 
[21:10:10] 3346.2001953125 2164.2001953125 
[21:10:10] 100.0:4 Zombies. 
[21:10:10] 3289.2001953125 2089.2001953125 
[21:10:10] 100.0:5 Zombies. 
[21:10:10] 3168.2001953125 2387.2001953125 
[21:10:10] 100.0:6 Zombies. 
[21:10:10] 3330.2001953125 2513.2001953125 
[21:10:10] 100.0:7 Zombies. 
[21:10:10] -3308.2001953125 -2475.2001953125 
[21:10:10] 100.0:8 Zombies. 
[21:10:10] 3255.2001953125 2200.2001953125 
[21:10:10] 100.0:8 Zombies. 
[21:10:10] 3311.2001953125 -2493.2001953125 
[21:10:10] 100.0:9 Zombies. 
[21:10:10] -3331.2001953125 2279.2001953125 
[21:10:10] 100.0:9 Zombies. 
[21:10:10] -3352.2001953125 -2408.2001953125 
[21:10:10] 100.0:9 Zombies. 
[21:10:10] 3273.2001953125 -2479.2001953125 
[21:10:10] 100.0:9 Zombies. 
[21:10:10] 3126.2001953125 -2223.2001953125 
[21:10:10] 100.0:9 Zombies. 
[21:10:10] -3311.2001953125 -1938.2001953125 
[21:10:10] 100.0:9 Zombies. 
[21:10:10] 3259.2001953125 2062.2001953125 
[21:10:10] 100.0:9 Zombies. 
[21:10:10] 3278.2001953125 2029.2001953125 
[21:10:10] 100.0:10 Zombies. 
[21:10:10] -3193.2001953125 -1880.2001953125 
[21:10:11] 100.0:11 Zombies. 
[21:10:11] 3245.2001953125 2046.2001953125 
[21:10:11] 100.0:11 Zombies. 
[21:10:11] 3354.2001953125 1811.2001953125 
[21:10:11] 100.0:12 Zombies. 
[21:10:11] -3331.2001953125 -1949.2001953125 
[21:10:11] 100.0:13 Zombies. 
[21:10:11] -3323.2001953125 -2230.2001953125 
[21:10:11] 100.0:13 Zombies. 
[21:10:11] -3279.2001953125 2115.2001953125 
[21:10:11] 100.0:13 Zombies. 
[21:10:11] 3160.2001953125 2256.2001953125 
[21:10:11] 100.0:13 Zombies. 
[21:10:11] 3262.2001953125 -2288.2001953125 
[21:10:11] 100.0:14 Zombies. 
[21:10:11] -3321.2001953125 2367.2001953125 
[21:10:11] 100.0:14 Zombies. 
[21:10:11] -3181.2001953125 -2491.2001953125 
[21:10:11] 100.0:14 Zombies. 
[21:10:11] -3319.2001953125 -2224.2001953125 
[21:10:11] 100.0:14 Zombies. 
[21:10:11] -3303.2001953125 2480.2001953125 
[21:10:11] 100.0:14 Zombies. 
[21:10:11] 3259.2001953125 2357.2001953125 
[21:10:11] 100.0:14 Zombies. 
[21:10:11] -3191.2001953125 2175.2001953125 
[21:10:11] 100.0:15 Zombies. 
[21:10:11] -3295.2001953125 1911.2001953125 
[21:10:11] 100.0:15 Zombies. 
[21:10:11] 3277.2001953125 -1920.2001953125 
[21:10:11] 100.0:15 Zombies. 
[21:10:12] 3275.2001953125 -1775.2001953125 
[21:10:12] 100.0:15 Zombies. 
[21:10:12] 3275.2001953125 2030.2001953125 
[21:10:12] 100.0:15 Zombies. 
[21:10:12] -3202.2001953125 2158.2001953125 
[21:10:12] 100.0:16 Zombies. 
[21:10:12] -3210.2001953125 -1959.2001953125 
[21:10:12] 100.0:16 Zombies. 
[21:10:12] -3145.2001953125 -2254.2001953125 
[21:10:12] 100.0:16 Zombies. 
[21:10:12] -3270.2001953125 -2121.2001953125 
[21:10:12] 100.0:16 Zombies. 
[21:10:12] -3185.2001953125 2343.2001953125 
[21:10:12] 100.0:16 Zombies. 
[21:10:12] -3322.2001953125 -2283.2001953125 
[21:10:12] 100.0:16 Zombies. 
[21:10:12] -3354.2001953125 -2336.2001953125 
[21:10:12] 100.0:16 Zombies. 
[21:10:12] 3217.2001953125 -2509.2001953125 
[21:10:12] 100.0:16 Zombies. 
[21:10:12] 3161.2001953125 -2782.2001953125 
[21:10:12] 100.0:16 Zombies. 
[21:10:12] -3162.2001953125 -2495.2001953125 
[21:10:12] 100.0:16 Zombies. 
[21:10:12] -3215.2001953125 2540.2001953125 
[21:10:12] 100.0:16 Zombies. 
